<?xml version="1.0" encoding="UTF-8"?>
<testng-results ignored="5" total="11" passed="5" failed="1" skipped="0">
  <reporter-output>
  </reporter-output>
  <suite started-at="2023-01-16T09:51:15 CET" name="All Test Suite" finished-at="2023-01-16T09:51:22 CET" duration-ms="6946">
    <groups>
    </groups>
    <test started-at="2023-01-16T09:51:15 CET" name="D:/Kursevi/REST Assured/Petstore/src/test/java/apiTest" finished-at="2023-01-16T09:51:22 CET" duration-ms="6946">
      <class name="apiTest.StoreTest">
        <test-method is-config="true" signature="setup()[pri:0, instance:apiTest.StoreTest@3e27aa33]" started-at="2023-01-16T09:51:18 CET" name="setup" finished-at="2023-01-16T09:51:18 CET" duration-ms="1" status="PASS">
          <reporter-output>
          </reporter-output>
        </test-method> <!-- setup -->
        <test-method signature="testPostOrder()[pri:1, instance:apiTest.StoreTest@3e27aa33]" started-at="2023-01-16T09:51:18 CET" name="testPostOrder" finished-at="2023-01-16T09:51:19 CET" duration-ms="738" status="PASS">
          <reporter-output>
          </reporter-output>
        </test-method> <!-- testPostOrder -->
      </class> <!-- apiTest.StoreTest -->
      <class name="apiTest.PetTest">
        <test-method is-config="true" signature="setup()[pri:0, instance:apiTest.PetTest@71ba6d4e]" started-at="2023-01-16T09:51:15 CET" name="setup" finished-at="2023-01-16T09:51:15 CET" duration-ms="211" status="PASS">
          <reporter-output>
          </reporter-output>
        </test-method> <!-- setup -->
        <test-method signature="testPostPet()[pri:1, instance:apiTest.PetTest@71ba6d4e]" started-at="2023-01-16T09:51:15 CET" name="testPostPet" finished-at="2023-01-16T09:51:18 CET" duration-ms="2973" status="PASS">
          <reporter-output>
          </reporter-output>
        </test-method> <!-- testPostPet -->
      </class> <!-- apiTest.PetTest -->
      <class name="apiTest.UserTest">
        <test-method is-config="true" signature="setup()[pri:0, instance:apiTest.UserTest@2e385cce]" started-at="2023-01-16T09:51:19 CET" name="setup" finished-at="2023-01-16T09:51:20 CET" duration-ms="547" status="PASS">
          <reporter-output>
          </reporter-output>
        </test-method> <!-- setup -->
        <test-method signature="testPostUser()[pri:1, instance:apiTest.UserTest@2e385cce]" started-at="2023-01-16T09:51:20 CET" name="testPostUser" finished-at="2023-01-16T09:51:20 CET" duration-ms="696" status="PASS">
          <reporter-output>
          </reporter-output>
        </test-method> <!-- testPostUser -->
        <test-method signature="getUserByName()[pri:2, instance:apiTest.UserTest@2e385cce]" started-at="2023-01-16T09:51:20 CET" name="getUserByName" finished-at="2023-01-16T09:51:21 CET" duration-ms="682" status="PASS">
          <reporter-output>
          </reporter-output>
        </test-method> <!-- getUserByName -->
        <test-method signature="updateUserByName()[pri:3, instance:apiTest.UserTest@2e385cce]" started-at="2023-01-16T09:51:21 CET" name="updateUserByName" finished-at="2023-01-16T09:51:21 CET" duration-ms="0" status="FAIL">
          <exception class="java.lang.NullPointerException">
            <full-stacktrace>
              <![CDATA[java.lang.NullPointerException
at apiTest.UserTest.updateUserByName(UserTest.java:63)
at java.base/jdk.internal.reflect.NativeMethodAccessorImpl.invoke0(Native Method)
at java.base/jdk.internal.reflect.NativeMethodAccessorImpl.invoke(NativeMethodAccessorImpl.java:62)
at java.base/jdk.internal.reflect.DelegatingMethodAccessorImpl.invoke(DelegatingMethodAccessorImpl.java:43)
at java.base/java.lang.reflect.Method.invoke(Method.java:566)
at org.testng.internal.invokers.MethodInvocationHelper.invokeMethod(MethodInvocationHelper.java:139)
at org.testng.internal.invokers.TestInvoker.invokeMethod(TestInvoker.java:677)
at org.testng.internal.invokers.TestInvoker.invokeTestMethod(TestInvoker.java:221)
at org.testng.internal.invokers.MethodRunner.runInSequence(MethodRunner.java:50)
at org.testng.internal.invokers.TestInvoker$MethodInvocationAgent.invoke(TestInvoker.java:969)
at org.testng.internal.invokers.TestInvoker.invokeTestMethods(TestInvoker.java:194)
at org.testng.internal.invokers.TestMethodWorker.invokeTestMethods(TestMethodWorker.java:148)
at org.testng.internal.invokers.TestMethodWorker.run(TestMethodWorker.java:128)
at java.base/java.util.ArrayList.forEach(ArrayList.java:1541)
at org.testng.TestRunner.privateRun(TestRunner.java:829)
at org.testng.TestRunner.run(TestRunner.java:602)
at org.testng.SuiteRunner.runTest(SuiteRunner.java:437)
at org.testng.SuiteRunner.runSequentially(SuiteRunner.java:431)
at org.testng.SuiteRunner.privateRun(SuiteRunner.java:391)
at org.testng.SuiteRunner.run(SuiteRunner.java:330)
at org.testng.SuiteRunnerWorker.runSuite(SuiteRunnerWorker.java:52)
at org.testng.SuiteRunnerWorker.run(SuiteRunnerWorker.java:95)
at org.testng.TestNG.runSuitesSequentially(TestNG.java:1256)
at org.testng.TestNG.runSuitesLocally(TestNG.java:1176)
at org.testng.TestNG.runSuites(TestNG.java:1099)
at org.testng.TestNG.run(TestNG.java:1067)
at org.apache.maven.surefire.testng.TestNGExecutor.run(TestNGExecutor.java:324)
at org.apache.maven.surefire.testng.TestNGXmlTestSuite.execute(TestNGXmlTestSuite.java:74)
at org.apache.maven.surefire.testng.TestNGProvider.invoke(TestNGProvider.java:123)
at org.apache.maven.surefire.booter.ForkedBooter.runSuitesInProcess(ForkedBooter.java:456)
at org.apache.maven.surefire.booter.ForkedBooter.execute(ForkedBooter.java:169)
at org.apache.maven.surefire.booter.ForkedBooter.run(ForkedBooter.java:595)
at org.apache.maven.surefire.booter.ForkedBooter.main(ForkedBooter.java:581)
]]>
            </full-stacktrace>
          </exception> <!-- java.lang.NullPointerException -->
          <reporter-output>
          </reporter-output>
        </test-method> <!-- updateUserByName -->
        <test-method signature="deleteUserByName()[pri:4, instance:apiTest.UserTest@2e385cce]" started-at="2023-01-16T09:51:21 CET" name="deleteUserByName" finished-at="2023-01-16T09:51:22 CET" duration-ms="686" status="PASS">
          <reporter-output>
          </reporter-output>
        </test-method> <!-- deleteUserByName -->
      </class> <!-- apiTest.UserTest -->
    </test> <!-- D:/Kursevi/REST Assured/Petstore/src/test/java/apiTest -->
  </suite> <!-- All Test Suite -->
</testng-results>
